# JRE version: Java(TM) SE Runtime Environment (8.0_202-b08) (build 1.8.0_202-b08)
# Java VM: Java HotSpot(TM) 64-Bit Server VM (25.202-b08 mixed mode windows-amd64 compressed oops)
Heap:
 PSYoungGen      total 140800K, used 23246K [0x000000076b700000, 0x0000000774b00000, 0x00000007c0000000)
  eden space 130048K, 17% used [0x000000076b700000,0x000000076cdb3ae8,0x0000000773600000)
  from space 10752K, 0% used [0x0000000773600000,0x0000000773600000,0x0000000774080000)
  to   space 10752K, 0% used [0x0000000774080000,0x0000000774080000,0x0000000774b00000)
 ParOldGen       total 99328K, used 18449K [0x00000006c2400000, 0x00000006c8500000, 0x000000076b700000)
  object space 99328K, 18% used [0x00000006c2400000,0x00000006c3604550,0x00000006c8500000)
 Metaspace       used 58037K, capacity 60686K, committed 60928K, reserved 1101824K
  class space    used 7945K, capacity 8434K, committed 8448K, reserved 1048576K
GC Heap History (10 events):
Event: 4.807 GC heap before
{Heap before GC invocations=8 (full 2):
 PSYoungGen      total 140800K, used 9593K [0x000000076b700000, 0x0000000774b00000, 0x00000007c0000000)
  eden space 130048K, 0% used [0x000000076b700000,0x000000076b700000,0x0000000773600000)
  from space 10752K, 89% used [0x0000000774080000,0x00000007749de4e0,0x0000000774b00000)
  to   space 10752K, 0% used [0x0000000773600000,0x0000000773600000,0x0000000774080000)
 ParOldGen       total 99328K, used 8662K [0x00000006c2400000, 0x00000006c8500000, 0x000000076b700000)
  object space 99328K, 8% used [0x00000006c2400000,0x00000006c2c758c8,0x00000006c8500000)
 Metaspace       used 33242K, capacity 35380K, committed 35496K, reserved 1079296K
  class space    used 4380K, capacity 4780K, committed 4864K, reserved 1048576K
Event: 4.851 GC heap after
Heap after GC invocations=8 (full 2):
 PSYoungGen      total 140800K, used 0K [0x000000076b700000, 0x0000000774b00000, 0x00000007c0000000)
  eden space 130048K, 0% used [0x000000076b700000,0x000000076b700000,0x0000000773600000)
  from space 10752K, 0% used [0x0000000774080000,0x0000000774080000,0x0000000774b00000)
  to   space 10752K, 0% used [0x0000000773600000,0x0000000773600000,0x0000000774080000)
 ParOldGen       total 99328K, used 14944K [0x00000006c2400000, 0x00000006c8500000, 0x000000076b700000)
  object space 99328K, 15% used [0x00000006c2400000,0x00000006c3298060,0x00000006c8500000)
 Metaspace       used 33242K, capacity 35380K, committed 35496K, reserved 1079296K
  class space    used 4380K, capacity 4780K, committed 4864K, reserved 1048576K
}
Event: 6.318 GC heap before
{Heap before GC invocations=9 (full 2):
 PSYoungGen      total 140800K, used 130048K [0x000000076b700000, 0x0000000774b00000, 0x00000007c0000000)
  eden space 130048K, 100% used [0x000000076b700000,0x0000000773600000,0x0000000773600000)
  from space 10752K, 0% used [0x0000000774080000,0x0000000774080000,0x0000000774b00000)
  to   space 10752K, 0% used [0x0000000773600000,0x0000000773600000,0x0000000774080000)
 ParOldGen       total 99328K, used 14944K [0x00000006c2400000, 0x00000006c8500000, 0x000000076b700000)
  object space 99328K, 15% used [0x00000006c2400000,0x00000006c3298060,0x00000006c8500000)
 Metaspace       used 43880K, capacity 46176K, committed 46592K, reserved 1089536K
  class space    used 5643K, capacity 6100K, committed 6144K, reserved 1048576K
Event: 6.324 GC heap after
Heap after GC invocations=9 (full 2):
 PSYoungGen      total 140800K, used 10500K [0x000000076b700000, 0x0000000774b00000, 0x00000007c0000000)
  eden space 130048K, 0% used [0x000000076b700000,0x000000076b700000,0x0000000773600000)
  from space 10752K, 97% used [0x0000000773600000,0x0000000774041308,0x0000000774080000)
  to   space 10752K, 0% used [0x0000000774080000,0x0000000774080000,0x0000000774b00000)
 ParOldGen       total 99328K, used 15048K [0x00000006c2400000, 0x00000006c8500000, 0x000000076b700000)
  object space 99328K, 15% used [0x00000006c2400000,0x00000006c32b2080,0x00000006c8500000)
 Metaspace       used 43880K, capacity 46176K, committed 46592K, reserved 1089536K
  class space    used 5643K, capacity 6100K, committed 6144K, reserved 1048576K
}
Event: 7.773 GC heap before
{Heap before GC invocations=10 (full 2):
 PSYoungGen      total 140800K, used 140548K [0x000000076b700000, 0x0000000774b00000, 0x00000007c0000000)
  eden space 130048K, 100% used [0x000000076b700000,0x0000000773600000,0x0000000773600000)
  from space 10752K, 97% used [0x0000000773600000,0x0000000774041308,0x0000000774080000)
  to   space 10752K, 0% used [0x0000000774080000,0x0000000774080000,0x0000000774b00000)
 ParOldGen       total 99328K, used 15048K [0x00000006c2400000, 0x00000006c8500000, 0x000000076b700000)
  object space 99328K, 15% used [0x00000006c2400000,0x00000006c32b2080,0x00000006c8500000)
 Metaspace       used 56329K, capacity 58866K, committed 59136K, reserved 1099776K
  class space    used 7680K, capacity 8156K, committed 8192K, reserved 1048576K
Event: 7.788 GC heap after
Heap after GC invocations=10 (full 2):
 PSYoungGen      total 140800K, used 10727K [0x000000076b700000, 0x0000000774b00000, 0x00000007c0000000)
  eden space 130048K, 0% used [0x000000076b700000,0x000000076b700000,0x0000000773600000)
  from space 10752K, 99% used [0x0000000774080000,0x0000000774af9d38,0x0000000774b00000)
  to   space 10752K, 0% used [0x0000000773600000,0x0000000773600000,0x0000000774080000)
 ParOldGen       total 99328K, used 21378K [0x00000006c2400000, 0x00000006c8500000, 0x000000076b700000)
  object space 99328K, 21% used [0x00000006c2400000,0x00000006c38e0830,0x00000006c8500000)
 Metaspace       used 56329K, capacity 58866K, committed 59136K, reserved 1099776K
  class space    used 7680K, capacity 8156K, committed 8192K, reserved 1048576K
}
Event: 7.812 GC heap before
{Heap before GC invocations=11 (full 2):
 PSYoungGen      total 140800K, used 13051K [0x000000076b700000, 0x0000000774b00000, 0x00000007c0000000)
  eden space 130048K, 1% used [0x000000076b700000,0x000000076b945298,0x0000000773600000)
  from space 10752K, 99% used [0x0000000774080000,0x0000000774af9d38,0x0000000774b00000)
  to   space 10752K, 0% used [0x0000000773600000,0x0000000773600000,0x0000000774080000)
 ParOldGen       total 99328K, used 21378K [0x00000006c2400000, 0x00000006c8500000, 0x000000076b700000)
  object space 99328K, 21% used [0x00000006c2400000,0x00000006c38e0830,0x00000006c8500000)
 Metaspace       used 56515K, capacity 59030K, committed 59136K, reserved 1099776K
  class space    used 7708K, capacity 8190K, committed 8192K, reserved 1048576K
Event: 7.817 GC heap after
Heap after GC invocations=11 (full 2):
 PSYoungGen      total 140800K, used 7368K [0x000000076b700000, 0x0000000774b00000, 0x00000007c0000000)
  eden space 130048K, 0% used [0x000000076b700000,0x000000076b700000,0x0000000773600000)
  from space 10752K, 68% used [0x0000000773600000,0x0000000773d321c0,0x0000000774080000)
  to   space 10752K, 0% used [0x0000000774080000,0x0000000774080000,0x0000000774b00000)
 ParOldGen       total 99328K, used 21386K [0x00000006c2400000, 0x00000006c8500000, 0x000000076b700000)
  object space 99328K, 21% used [0x00000006c2400000,0x00000006c38e2830,0x00000006c8500000)
 Metaspace       used 56515K, capacity 59030K, committed 59136K, reserved 1099776K
  class space    used 7708K, capacity 8190K, committed 8192K, reserved 1048576K
}
Event: 7.817 GC heap before
{Heap before GC invocations=12 (full 3):
 PSYoungGen      total 140800K, used 7368K [0x000000076b700000, 0x0000000774b00000, 0x00000007c0000000)
  eden space 130048K, 0% used [0x000000076b700000,0x000000076b700000,0x0000000773600000)
  from space 10752K, 68% used [0x0000000773600000,0x0000000773d321c0,0x0000000774080000)
  to   space 10752K, 0% used [0x0000000774080000,0x0000000774080000,0x0000000774b00000)
 ParOldGen       total 99328K, used 21386K [0x00000006c2400000, 0x00000006c8500000, 0x000000076b700000)
  object space 99328K, 21% used [0x00000006c2400000,0x00000006c38e2830,0x00000006c8500000)
 Metaspace       used 56515K, capacity 59030K, committed 59136K, reserved 1099776K
  class space    used 7708K, capacity 8190K, committed 8192K, reserved 1048576K
Event: 7.945 GC heap after
Heap after GC invocations=12 (full 3):
 PSYoungGen      total 140800K, used 0K [0x000000076b700000, 0x0000000774b00000, 0x00000007c0000000)
  eden space 130048K, 0% used [0x000000076b700000,0x000000076b700000,0x0000000773600000)
  from space 10752K, 0% used [0x0000000773600000,0x0000000773600000,0x0000000774080000)
  to   space 10752K, 0% used [0x0000000774080000,0x0000000774080000,0x0000000774b00000)
 ParOldGen       total 99328K, used 18449K [0x00000006c2400000, 0x00000006c8500000, 0x000000076b700000)
  object space 99328K, 18% used [0x00000006c2400000,0x00000006c3604550,0x00000006c8500000)
 Metaspace       used 56515K, capacity 59030K, committed 59136K, reserved 1099776K
  class space    used 7708K, capacity 8190K, committed 8192K, reserved 1048576K
}

